c:\users\gfray\documents\visual studio 2017\projects\winpractice\win32project1\debug\win32project1.pch
c:\users\gfray\documents\visual studio 2017\projects\winpractice\win32project1\debug\vc141.pdb
c:\users\gfray\documents\visual studio 2017\projects\winpractice\win32project1\debug\vc141.idb
c:\users\gfray\documents\visual studio 2017\projects\winpractice\win32project1\debug\stdafx.obj
c:\users\gfray\documents\visual studio 2017\projects\winpractice\win32project1\debug\worldmap.obj
c:\users\gfray\documents\visual studio 2017\projects\winpractice\win32project1\debug\worldcell.obj
c:\users\gfray\documents\visual studio 2017\projects\winpractice\win32project1\debug\win32project1.obj
c:\users\gfray\documents\visual studio 2017\projects\winpractice\win32project1\debug\subwindows.obj
c:\users\gfray\documents\visual studio 2017\projects\winpractice\win32project1\debug\socialsphere.obj
c:\users\gfray\documents\visual studio 2017\projects\winpractice\win32project1\debug\mainwindow.obj
c:\users\gfray\documents\visual studio 2017\projects\winpractice\win32project1\debug\genome.obj
c:\users\gfray\documents\visual studio 2017\projects\winpractice\win32project1\debug\gamewindow.obj
c:\users\gfray\documents\visual studio 2017\projects\winpractice\win32project1\debug\gameviewstate.obj
c:\users\gfray\documents\visual studio 2017\projects\winpractice\win32project1\debug\gamestate.obj
c:\users\gfray\documents\visual studio 2017\projects\winpractice\win32project1\debug\gameobject.obj
c:\users\gfray\documents\visual studio 2017\projects\winpractice\win32project1\debug\divineplayer.obj
c:\users\gfray\documents\visual studio 2017\projects\winpractice\win32project1\debug\denizen.obj
c:\users\gfray\documents\visual studio 2017\projects\winpractice\win32project1\debug\biology.obj
c:\users\gfray\documents\visual studio 2017\projects\winpractice\debug\win32project1.exe
c:\users\gfray\documents\visual studio 2017\projects\winpractice\debug\win32project1.ilk
c:\users\gfray\documents\visual studio 2017\projects\winpractice\debug\win32project1.pdb
c:\users\gfray\documents\visual studio 2017\projects\winpractice\win32project1\debug\win32project1.res
c:\users\gfray\documents\visual studio 2017\projects\winpractice\win32project1\debug\win32project1.tlog\cl.command.1.tlog
c:\users\gfray\documents\visual studio 2017\projects\winpractice\win32project1\debug\win32project1.tlog\cl.read.1.tlog
c:\users\gfray\documents\visual studio 2017\projects\winpractice\win32project1\debug\win32project1.tlog\cl.write.1.tlog
c:\users\gfray\documents\visual studio 2017\projects\winpractice\win32project1\debug\win32project1.tlog\link.command.1.tlog
c:\users\gfray\documents\visual studio 2017\projects\winpractice\win32project1\debug\win32project1.tlog\link.read.1.tlog
c:\users\gfray\documents\visual studio 2017\projects\winpractice\win32project1\debug\win32project1.tlog\link.write.1.tlog
c:\users\gfray\documents\visual studio 2017\projects\winpractice\win32project1\debug\win32project1.tlog\rc.command.1.tlog
c:\users\gfray\documents\visual studio 2017\projects\winpractice\win32project1\debug\win32project1.tlog\rc.read.1.tlog
c:\users\gfray\documents\visual studio 2017\projects\winpractice\win32project1\debug\win32project1.tlog\rc.write.1.tlog
